.LOG
04:33 06/07/2024

venv\Scripts\activate
08:09 07/07/2024

django-admin startproject project .
08:09 07/07/2024

python manage.py startapp home
08:09 07/07/2024

python manage.py runserver
08:09 07/07/2024

python manage.py makemigrations
python manage.py migrate 
08:57 08/07/2024

python manage.py createsuperuser
python manage.py changepassword alexandre
09:06 08/07/2024

python manage.py shell
10:26 08/07/2024

python manage.py collectstatic
10:57 08/07/2024

docker-compose up --build
10:57 12/07/2024

docker-compose up -d
10:57 12/07/2024

docker-compose down
10:58 12/07/2024

docker ps -a
10:59 12/07/2024

docker-compose run --rm django-blog migrate.sh

docker-compose run --rm django-blog makemigrations.sh
